<?xml version="1.0" encoding="UTF-8"?>
<coverage generated="1724598831222" clover="3.2.0">
  <project timestamp="1724598831222" name="All files">
    <metrics statements="16" coveredstatements="11" conditionals="12" coveredconditionals="11" methods="3" coveredmethods="2" elements="31" coveredelements="24" complexity="0" loc="16" ncloc="16" packages="1" files="2" classes="2"/>
    <file name="index.js" path="/Users/thegym/ownerForum/projects/React-Testing-jest_RTL-repo/05-vitest/src/index.js">
      <metrics statements="5" coveredstatements="0" conditionals="1" coveredconditionals="0" methods="1" coveredmethods="0"/>
      <line num="1" count="0" type="cond" truecount="0" falsecount="1"/>
      <line num="2" count="0" type="stmt"/>
      <line num="3" count="0" type="stmt"/>
      <line num="4" count="0" type="stmt"/>
      <line num="5" count="0" type="stmt"/>
    </file>
    <file name="intro.js" path="/Users/thegym/ownerForum/projects/React-Testing-jest_RTL-repo/05-vitest/src/intro.js">
      <metrics statements="11" coveredstatements="11" conditionals="11" coveredconditionals="11" methods="2" coveredmethods="2"/>
      <line num="1" count="1" type="cond" truecount="1" falsecount="0"/>
      <line num="2" count="3" type="cond" truecount="2" falsecount="0"/>
      <line num="3" count="3" type="stmt"/>
      <line num="4" count="1" type="stmt"/>
      <line num="5" count="1" type="cond" truecount="1" falsecount="0"/>
      <line num="6" count="5" type="cond" truecount="2" falsecount="0"/>
      <line num="7" count="5" type="cond" truecount="2" falsecount="0"/>
      <line num="8" count="5" type="cond" truecount="2" falsecount="0"/>
      <line num="9" count="1" type="cond" truecount="1" falsecount="0"/>
      <line num="10" count="1" type="stmt"/>
      <line num="11" count="1" type="stmt"/>
    </file>
  </project>
</coverage>
